2025-03-13 16:28:17,111 - INFO - [crawler.py:334] - ==================================================
2025-03-13 16:28:17,111 - INFO - [crawler.py:335] - 爬虫服务启动初始化...
2025-03-13 16:28:17,193 - INFO - [crawler.py:338] - 定时任务已启动，每天01:00执行爬取
2025-03-13 16:39:38,124 - INFO - [crawler.py:336] - ==================================================
2025-03-13 16:39:38,125 - INFO - [crawler.py:337] - 爬虫服务启动初始化...
2025-03-13 16:39:38,203 - INFO - [crawler.py:340] - 定时任务已启动，每天01:00执行爬取
2025-03-14 09:59:22,888 - INFO - [crawler.py:336] - ==================================================
2025-03-14 09:59:22,889 - INFO - [crawler.py:337] - 爬虫服务启动初始化...
2025-03-14 09:59:22,989 - INFO - [crawler.py:340] - 定时任务已启动，每天01:00执行爬取
2025-03-14 10:50:19,017 - INFO - [crawler.py:284] - 湄洲湾职业技术学院：大学生开展植树节主题活动共栽“同心树”
2025-03-14 10:50:19,018 - INFO - [crawler.py:284] - 让农产品种得好也卖得火——陕西铁路工程职业技术学院大学生电商直播助农服务乡村振兴
2025-03-14 10:50:19,019 - INFO - [crawler.py:284] - 阮诗玮委员：以教育系统性深层次改革驱动创新型人才高效培养
2025-03-14 10:50:19,019 - INFO - [crawler.py:284] - 3月6日 两会访谈录丨如何进一步推动产教融合的现代职业教育体系建设
2025-03-14 10:50:19,019 - INFO - [crawler.py:284] - 王红军代表：开展技能抽测提升职业院校学生技能水平
2025-03-14 10:50:19,020 - INFO - [crawler.py:284] - 马丹代表：深化职教高考改革，拓宽中职学生成长通道
2025-03-14 10:50:19,021 - INFO - [crawler.py:284] - 两会新华社快讯：政府工作报告说，制定实施教育强国建设三年行动计划
2025-03-14 10:50:19,021 - INFO - [crawler.py:284] - 宁波职业技术学院：“树人”中心启用，打造大思政育人新格局
2025-03-14 10:50:19,022 - INFO - [crawler.py:284] - 全国优秀教师代表“教育家精神”2025年巡回宣讲走进青海
2025-03-14 10:50:19,022 - INFO - [crawler.py:284] - 长江职业学院：人才培养方案制定学生当“主角”
2025-03-14 10:50:19,022 - INFO - [crawler.py:325] - 第1页抓取到10条新闻
2025-03-14 10:50:47,713 - INFO - [crawler.py:284] - 重庆：召开职业教育提质领跑行动工作会
2025-03-14 10:50:47,713 - INFO - [crawler.py:284] - 重庆：举行“教育家精神”2025年巡回宣讲活动
2025-03-14 10:50:47,714 - INFO - [crawler.py:284] - 教育部教育家精神2025年巡回宣讲活动在山西举行
2025-03-14 10:50:47,714 - INFO - [crawler.py:284] - 湖北召开全省教育大会 努力在教育强国建设中走在前列
2025-03-14 10:50:47,714 - INFO - [crawler.py:284] - 重庆：持续扩大优质教育资源供给 加快教育强市建设
2025-03-14 10:50:47,714 - INFO - [crawler.py:284] - “一带一路”职教出海国际交流专项课题出台
2025-03-14 10:50:47,714 - INFO - [crawler.py:284] - 代表委员履职故事丨全国政协委员张玉清：抓牢“产科教融合”职教金钥匙
2025-03-14 10:50:47,715 - INFO - [crawler.py:284] - 辽宁石化职业技术学院：在辽沈战役纪念馆上“开学第一课”
2025-03-14 10:50:47,715 - INFO - [crawler.py:284] - 宁波卫生职院：“开学第一课”传承科学家精神
2025-03-14 10:50:47,715 - INFO - [crawler.py:284] - 河北唐山：大中小学同上“知家乡 爱家乡”开学思政第一课
2025-03-14 10:50:47,715 - INFO - [crawler.py:325] - 第2页抓取到10条新闻
2025-03-14 10:50:47,780 - INFO - [crawler.py:145] - 当前数据库最新记录时间：2025-03-13,开始更新数据...
2025-03-14 10:50:47,794 - INFO - [crawler.py:156] - ⏩ 跳过已存在新闻 >> 湄洲湾职业技术学院：大学生开展植树节主题活动共栽“同心树”：http://www.jyb.cn/rmtzcg/xwy/wzxw/202503/t20250313_2111316573.html
2025-03-14 10:50:47,809 - INFO - [crawler.py:156] - ⏩ 跳过已存在新闻 >> 让农产品种得好也卖得火——陕西铁路工程职业技术学院大学生电商直播助农服务乡村振兴：http://www.jyb.cn/rmtzcg/xwy/wzxw/202503/t20250310_2111314837.html
2025-03-14 10:50:47,823 - INFO - [crawler.py:156] - ⏩ 跳过已存在新闻 >> 阮诗玮委员：以教育系统性深层次改革驱动创新型人才高效培养：http://www.jyb.cn/rmtzcg/xwy/wzxw/202503/t20250309_2111314170.html
2025-03-14 10:50:47,837 - INFO - [crawler.py:156] - ⏩ 跳过已存在新闻 >> 3月6日 两会访谈录丨如何进一步推动产教融合的现代职业教育体系建设：http://www.jyb.cn/rmtzcg/xwy/zbxw/202503/t20250305_2111311708.html
2025-03-14 10:50:47,852 - INFO - [crawler.py:156] - ⏩ 跳过已存在新闻 >> 王红军代表：开展技能抽测提升职业院校学生技能水平：http://www.jyb.cn/rmtzcg/xwy/wzxw/202503/t20250305_2111311655.html
2025-03-14 10:50:47,866 - INFO - [crawler.py:156] - ⏩ 跳过已存在新闻 >> 马丹代表：深化职教高考改革，拓宽中职学生成长通道：http://www.jyb.cn/rmtzcg/xwy/wzxw/202503/t20250305_2111311620.html
2025-03-14 10:50:47,881 - INFO - [crawler.py:156] - ⏩ 跳过已存在新闻 >> 两会新华社快讯：政府工作报告说，制定实施教育强国建设三年行动计划：http://www.jyb.cn/rmtzcg/xwy/wzxw/202503/t20250305_2111311549.html
2025-03-14 10:50:47,895 - INFO - [crawler.py:156] - ⏩ 跳过已存在新闻 >> 宁波职业技术学院：“树人”中心启用，打造大思政育人新格局：http://www.jyb.cn/rmtzcg/xwy/wzxw/202503/t20250303_2111310504.html
2025-03-14 10:50:47,907 - INFO - [crawler.py:156] - ⏩ 跳过已存在新闻 >> 全国优秀教师代表“教育家精神”2025年巡回宣讲走进青海：http://www.jyb.cn/rmtzcg/xwy/wzxw/202502/t20250228_2111309707.html
2025-03-14 10:50:47,922 - INFO - [crawler.py:156] - ⏩ 跳过已存在新闻 >> 长江职业学院：人才培养方案制定学生当“主角”：http://www.jyb.cn/rmtzcg/xwy/wzxw/202502/t20250228_2111309692.html
2025-03-14 10:50:47,936 - INFO - [crawler.py:156] - ⏩ 跳过已存在新闻 >> 重庆：召开职业教育提质领跑行动工作会：http://www.jyb.cn/rmtzcg/xwy/wzxw/202502/t20250228_2111309712.html
2025-03-14 10:50:47,950 - INFO - [crawler.py:156] - ⏩ 跳过已存在新闻 >> 重庆：举行“教育家精神”2025年巡回宣讲活动：http://www.jyb.cn/rmtzcg/xwy/wzxw/202502/t20250228_2111309713.html
2025-03-14 10:50:47,966 - INFO - [crawler.py:156] - ⏩ 跳过已存在新闻 >> 教育部教育家精神2025年巡回宣讲活动在山西举行：http://www.jyb.cn/rmtzcg/xwy/wzxw/202502/t20250228_2111309535.html
2025-03-14 10:50:47,980 - INFO - [crawler.py:156] - ⏩ 跳过已存在新闻 >> 湖北召开全省教育大会 努力在教育强国建设中走在前列：http://www.jyb.cn/rmtzcg/xwy/wzxw/202502/t20250227_2111309099.html
2025-03-14 10:50:47,994 - INFO - [crawler.py:156] - ⏩ 跳过已存在新闻 >> 重庆：持续扩大优质教育资源供给 加快教育强市建设：http://www.jyb.cn/rmtzcg/xwy/wzxw/202502/t20250227_2111308937.html
2025-03-14 10:50:48,008 - INFO - [crawler.py:156] - ⏩ 跳过已存在新闻 >> “一带一路”职教出海国际交流专项课题出台：http://www.jyb.cn/rmtzcg/xwy/wzxw/202502/t20250227_2111308745.html
2025-03-14 10:50:48,032 - INFO - [crawler.py:172] - ⏩ 跳过早于数据库最新时间的新闻 >> 代表委员履职故事丨全国政协委员张玉清：抓牢“产科教融合”职教金钥匙：http://www.jyb.cn/rmtzcg/xwy/wzxw/202502/t20250226_2111308131.html
2025-03-14 10:50:48,046 - INFO - [crawler.py:172] - ⏩ 跳过早于数据库最新时间的新闻 >> 辽宁石化职业技术学院：在辽沈战役纪念馆上“开学第一课”：http://www.jyb.cn/rmtzcg/xwy/wzxw/202502/t20250226_2111308152.html
2025-03-14 10:50:48,060 - INFO - [crawler.py:172] - ⏩ 跳过早于数据库最新时间的新闻 >> 宁波卫生职院：“开学第一课”传承科学家精神：http://www.jyb.cn/rmtzcg/xwy/wzxw/202502/t20250226_2111308153.html
2025-03-14 10:50:48,074 - INFO - [crawler.py:172] - ⏩ 跳过早于数据库最新时间的新闻 >> 河北唐山：大中小学同上“知家乡 爱家乡”开学思政第一课：http://www.jyb.cn/rmtzcg/xwy/wzxw/202502/t20250226_2111307969.html
2025-03-14 10:50:48,075 - INFO - [crawler.py:195] - 
            ======== 数据存储统计 ========
            接收条目总数：20
            ━━━━━━━━━━━━━━━━━━━━━━
            重复跳过：16
            过期跳过：4
            时间格式错误：0
            成功存储：0
            未计入差异：0
            当前数据库最新记录时间：2025-03-13
            =============================
            
2025-03-14 10:54:25,121 - INFO - [crawler.py:284] - 2025-03-13:湄洲湾职业技术学院：大学生开展植树节主题活动共栽“同心树”
2025-03-14 10:54:25,122 - INFO - [crawler.py:284] - 2025-03-10:让农产品种得好也卖得火——陕西铁路工程职业技术学院大学生电商直播助农服务乡村振兴
2025-03-14 10:54:25,123 - INFO - [crawler.py:284] - 2025-03-09:阮诗玮委员：以教育系统性深层次改革驱动创新型人才高效培养
2025-03-14 10:54:25,123 - INFO - [crawler.py:284] - 2025-03-05:3月6日 两会访谈录丨如何进一步推动产教融合的现代职业教育体系建设
2025-03-14 10:54:25,123 - INFO - [crawler.py:284] - 2025-03-05:王红军代表：开展技能抽测提升职业院校学生技能水平
2025-03-14 10:54:25,124 - INFO - [crawler.py:284] - 2025-03-05:马丹代表：深化职教高考改革，拓宽中职学生成长通道
2025-03-14 10:54:25,124 - INFO - [crawler.py:284] - 2025-03-05:两会新华社快讯：政府工作报告说，制定实施教育强国建设三年行动计划
2025-03-14 10:54:25,124 - INFO - [crawler.py:284] - 2025-03-03:宁波职业技术学院：“树人”中心启用，打造大思政育人新格局
2025-03-14 10:54:25,125 - INFO - [crawler.py:284] - 2025-02-28:全国优秀教师代表“教育家精神”2025年巡回宣讲走进青海
2025-03-14 10:54:25,125 - INFO - [crawler.py:284] - 2025-02-28:长江职业学院：人才培养方案制定学生当“主角”
2025-03-14 10:54:25,125 - INFO - [crawler.py:325] - 第1页抓取到10条新闻
2025-03-14 10:54:58,066 - INFO - [crawler.py:284] - 2025-02-28:重庆：召开职业教育提质领跑行动工作会
2025-03-14 10:54:58,066 - INFO - [crawler.py:284] - 2025-02-28:重庆：举行“教育家精神”2025年巡回宣讲活动
2025-03-14 10:54:58,067 - INFO - [crawler.py:284] - 2025-02-28:教育部教育家精神2025年巡回宣讲活动在山西举行
2025-03-14 10:54:58,067 - INFO - [crawler.py:284] - 2025-02-27:湖北召开全省教育大会 努力在教育强国建设中走在前列
2025-03-14 10:54:58,068 - INFO - [crawler.py:284] - 2025-02-27:重庆：持续扩大优质教育资源供给 加快教育强市建设
2025-03-14 10:54:58,068 - INFO - [crawler.py:284] - 2025-02-27:“一带一路”职教出海国际交流专项课题出台
2025-03-14 10:54:58,068 - INFO - [crawler.py:284] - 2025-02-26:代表委员履职故事丨全国政协委员张玉清：抓牢“产科教融合”职教金钥匙
2025-03-14 10:54:58,069 - INFO - [crawler.py:284] - 2025-02-26:辽宁石化职业技术学院：在辽沈战役纪念馆上“开学第一课”
2025-03-14 10:54:58,069 - INFO - [crawler.py:284] - 2025-02-26:宁波卫生职院：“开学第一课”传承科学家精神
2025-03-14 10:54:58,069 - INFO - [crawler.py:284] - 2025-02-26:河北唐山：大中小学同上“知家乡 爱家乡”开学思政第一课
2025-03-14 10:54:58,069 - INFO - [crawler.py:325] - 第2页抓取到10条新闻
2025-03-14 10:54:58,159 - INFO - [crawler.py:145] - 当前数据库最新记录时间：2025-03-13,开始更新数据...
2025-03-14 10:54:58,179 - INFO - [crawler.py:156] - ⏩ 跳过已存在新闻 >> 湄洲湾职业技术学院：大学生开展植树节主题活动共栽“同心树”：http://www.jyb.cn/rmtzcg/xwy/wzxw/202503/t20250313_2111316573.html
2025-03-14 10:54:58,200 - INFO - [crawler.py:156] - ⏩ 跳过已存在新闻 >> 让农产品种得好也卖得火——陕西铁路工程职业技术学院大学生电商直播助农服务乡村振兴：http://www.jyb.cn/rmtzcg/xwy/wzxw/202503/t20250310_2111314837.html
2025-03-14 10:54:58,220 - INFO - [crawler.py:156] - ⏩ 跳过已存在新闻 >> 阮诗玮委员：以教育系统性深层次改革驱动创新型人才高效培养：http://www.jyb.cn/rmtzcg/xwy/wzxw/202503/t20250309_2111314170.html
2025-03-14 10:54:58,238 - INFO - [crawler.py:156] - ⏩ 跳过已存在新闻 >> 3月6日 两会访谈录丨如何进一步推动产教融合的现代职业教育体系建设：http://www.jyb.cn/rmtzcg/xwy/zbxw/202503/t20250305_2111311708.html
2025-03-14 10:54:58,258 - INFO - [crawler.py:156] - ⏩ 跳过已存在新闻 >> 王红军代表：开展技能抽测提升职业院校学生技能水平：http://www.jyb.cn/rmtzcg/xwy/wzxw/202503/t20250305_2111311655.html
2025-03-14 10:54:58,278 - INFO - [crawler.py:156] - ⏩ 跳过已存在新闻 >> 马丹代表：深化职教高考改革，拓宽中职学生成长通道：http://www.jyb.cn/rmtzcg/xwy/wzxw/202503/t20250305_2111311620.html
2025-03-14 10:54:58,299 - INFO - [crawler.py:156] - ⏩ 跳过已存在新闻 >> 两会新华社快讯：政府工作报告说，制定实施教育强国建设三年行动计划：http://www.jyb.cn/rmtzcg/xwy/wzxw/202503/t20250305_2111311549.html
2025-03-14 10:54:58,320 - INFO - [crawler.py:156] - ⏩ 跳过已存在新闻 >> 宁波职业技术学院：“树人”中心启用，打造大思政育人新格局：http://www.jyb.cn/rmtzcg/xwy/wzxw/202503/t20250303_2111310504.html
2025-03-14 10:54:58,341 - INFO - [crawler.py:156] - ⏩ 跳过已存在新闻 >> 全国优秀教师代表“教育家精神”2025年巡回宣讲走进青海：http://www.jyb.cn/rmtzcg/xwy/wzxw/202502/t20250228_2111309707.html
2025-03-14 10:54:58,362 - INFO - [crawler.py:156] - ⏩ 跳过已存在新闻 >> 长江职业学院：人才培养方案制定学生当“主角”：http://www.jyb.cn/rmtzcg/xwy/wzxw/202502/t20250228_2111309692.html
2025-03-14 10:54:58,382 - INFO - [crawler.py:156] - ⏩ 跳过已存在新闻 >> 重庆：召开职业教育提质领跑行动工作会：http://www.jyb.cn/rmtzcg/xwy/wzxw/202502/t20250228_2111309712.html
2025-03-14 10:54:58,402 - INFO - [crawler.py:156] - ⏩ 跳过已存在新闻 >> 重庆：举行“教育家精神”2025年巡回宣讲活动：http://www.jyb.cn/rmtzcg/xwy/wzxw/202502/t20250228_2111309713.html
2025-03-14 10:54:58,422 - INFO - [crawler.py:156] - ⏩ 跳过已存在新闻 >> 教育部教育家精神2025年巡回宣讲活动在山西举行：http://www.jyb.cn/rmtzcg/xwy/wzxw/202502/t20250228_2111309535.html
2025-03-14 10:54:58,440 - INFO - [crawler.py:156] - ⏩ 跳过已存在新闻 >> 湖北召开全省教育大会 努力在教育强国建设中走在前列：http://www.jyb.cn/rmtzcg/xwy/wzxw/202502/t20250227_2111309099.html
2025-03-14 10:54:58,458 - INFO - [crawler.py:156] - ⏩ 跳过已存在新闻 >> 重庆：持续扩大优质教育资源供给 加快教育强市建设：http://www.jyb.cn/rmtzcg/xwy/wzxw/202502/t20250227_2111308937.html
2025-03-14 10:54:58,478 - INFO - [crawler.py:156] - ⏩ 跳过已存在新闻 >> “一带一路”职教出海国际交流专项课题出台：http://www.jyb.cn/rmtzcg/xwy/wzxw/202502/t20250227_2111308745.html
2025-03-14 10:54:58,532 - INFO - [crawler.py:172] - ⏩ 跳过早于数据库最新时间的新闻 >> 代表委员履职故事丨全国政协委员张玉清：抓牢“产科教融合”职教金钥匙：http://www.jyb.cn/rmtzcg/xwy/wzxw/202502/t20250226_2111308131.html
2025-03-14 10:54:58,552 - INFO - [crawler.py:172] - ⏩ 跳过早于数据库最新时间的新闻 >> 辽宁石化职业技术学院：在辽沈战役纪念馆上“开学第一课”：http://www.jyb.cn/rmtzcg/xwy/wzxw/202502/t20250226_2111308152.html
2025-03-14 10:54:58,573 - INFO - [crawler.py:172] - ⏩ 跳过早于数据库最新时间的新闻 >> 宁波卫生职院：“开学第一课”传承科学家精神：http://www.jyb.cn/rmtzcg/xwy/wzxw/202502/t20250226_2111308153.html
2025-03-14 10:54:58,593 - INFO - [crawler.py:172] - ⏩ 跳过早于数据库最新时间的新闻 >> 河北唐山：大中小学同上“知家乡 爱家乡”开学思政第一课：http://www.jyb.cn/rmtzcg/xwy/wzxw/202502/t20250226_2111307969.html
2025-03-14 10:54:58,595 - INFO - [crawler.py:195] - 
            ======== 数据存储统计 ========
            接收条目总数：20
            ━━━━━━━━━━━━━━━━━━━━━━
            重复跳过：16
            过期跳过：4
            时间格式错误：0
            成功存储：0
            未计入差异：0
            当前数据库最新记录时间：2025-03-13
            =============================
            
2025-03-14 14:20:57,623 - WARNING - [ClimbJob.py:213] - 页面结构异常，可能遇到反爬
2025-03-14 14:20:57,624 - INFO - [ClimbJob.py:300] - 第1页抓取到0条新闻
2025-03-14 14:21:00,326 - WARNING - [ClimbJob.py:213] - 页面结构异常，可能遇到反爬
2025-03-14 14:21:00,327 - INFO - [ClimbJob.py:300] - 第2页抓取到0条新闻
2025-03-14 14:21:00,398 - INFO - [ClimbJob.py:169] - 
            ======== 数据存储统计 ========
            接收条目总数：0
            ━━━━━━━━━━━━━━━━━━━━━━
            重复跳过：0
            成功存储：0
            存储失败：0
            =============================
            
